2025-02-08 17:46:31,537 - INFO - 用戶 1 正在訪問攻擊頁面，目標 ID: 1
2025-02-08 17:47:22,435 - INFO - 用戶 1 正在訪問攻擊頁面，目標 ID: 1
2025-02-08 17:47:23,040 - INFO - 用戶 1 正在訪問攻擊頁面，目標 ID: 1
2025-02-08 17:52:22,008 - INFO - 用戶 1 正在訪問攻擊頁面，目標 ID: 1
2025-02-08 17:52:22,009 - INFO - 用戶 1 正在訪問攻擊頁面，目標 ID: 1
2025-02-08 17:53:18,629 - INFO - 用戶 1 正在訪問攻擊頁面，目標 ID: 1
2025-02-08 17:58:14,388 - INFO - 用戶 1 正在訪問攻擊頁面，目標 ID: 1
2025-02-08 17:59:31,998 - INFO - 用戶 1 正在訪問攻擊頁面，目標 ID: 1
2025-02-08 17:59:32,659 - INFO - 用戶 1 正在訪問攻擊頁面，目標 ID: 1
2025-02-08 17:59:33,142 - INFO - 用戶 1 正在訪問攻擊頁面，目標 ID: 1
2025-02-08 17:59:47,042 - INFO - 用戶 1 正在訪問攻擊頁面，目標 ID: 1
2025-02-08 17:59:47,045 - INFO - 用戶 1 正在訪問攻擊頁面，目標 ID: 1
2025-02-08 18:01:01,097 - ERROR - Error getting latest ParamSpider result: type object 'ParamSpiderResult' has no attribute 'get_latest_by_target'
2025-02-08 18:02:11,962 - INFO - 用戶 1 正在訪問攻擊頁面，目標 ID: 1
2025-02-08 18:02:36,615 - INFO - 用戶 1 正在訪問攻擊頁面，目標 ID: 1
2025-02-08 18:04:29,640 - INFO - 用戶 1 正在訪問攻擊頁面，目標 ID: 1
2025-02-08 18:04:32,762 - ERROR - Error getting all ParamSpider results: 'ParamSpiderResult' object is not iterable
2025-02-08 18:08:50,039 - INFO - 用戶 1 正在訪問攻擊頁面，目標 ID: 1
2025-02-08 18:08:52,092 - ERROR - 訪問漏洞掃描頁面時出錯: type object 'if_sql_injection' has no attribute 'scan_time'
2025-02-08 18:19:28,323 - DEBUG - 用戶 1 正在訪問 nmap 路由，目標 ID: 1 127.0.0.1
2025-02-08 18:19:28,325 - DEBUG - Processing target IP: my.wyze.com
2025-02-08 18:19:28,325 - DEBUG - 掃描線程已啟動
2025-02-08 18:20:03,747 - DEBUG - 用戶 1 正在訪問 crtsh 路由，目標 ID: 1 127.0.0.1
2025-02-08 18:20:03,762 - DEBUG - 開始 crtsh 掃描: my.wyze.com
2025-02-08 18:20:03,764 - DEBUG - 嘗試請求 URL: https://crt.sh/?q=%.my.wyze.com&output=json
2025-02-08 18:20:05,445 - INFO - 成功獲取響應，URL: https://crt.sh/?q=%.my.wyze.com&output=json
2025-02-08 18:20:05,446 - INFO - 找到 3 個域名
2025-02-08 18:20:05,447 - DEBUG - 域名列表: ['*.my.wyze.com', 'beta.my.wyze.com', 'my.wyze.com']
2025-02-08 18:20:05,448 - INFO - 掃描完成，找到 3 個域名
2025-02-08 18:20:05,453 - INFO - 成功保存掃描結果到數據庫，包含 3 個域名
2025-02-08 18:20:12,270 - DEBUG - 用戶 1 正在訪問 webtech 路由，目標 ID: 1 127.0.0.1
2025-02-08 18:20:12,272 - DEBUG - 开始网站技术扫描: my.wyze.com
2025-02-08 18:20:12,272 - DEBUG - 掃描線程已啟動
2025-02-08 18:20:12,911 - DEBUG - 扫描结果已保存到数据库
2025-02-08 18:20:12,916 - DEBUG - 掃描已完成
2025-02-08 18:20:19,491 - DEBUG - 用戶 1 正在訪問 paramspider 路由，目標 ID: 1 127.0.0.1
2025-02-08 18:20:19,492 - ERROR - ParamSpider scan error: ParamSpiderThread.__init__() got an unexpected keyword argument 'target_url'
2025-02-08 18:21:06,181 - DEBUG - 用戶 1 正在訪問 nmap 路由，目標 ID: 1 127.0.0.1
2025-02-08 18:21:06,183 - DEBUG - Processing target IP: my.wyze.com
2025-02-08 18:21:06,183 - DEBUG - 掃描線程已啟動
2025-02-08 18:21:32,437 - DEBUG - 用戶 1 正在訪問 paramspider 路由，目標 ID: 1 127.0.0.1
2025-02-08 18:21:32,437 - ERROR - ParamSpider scan error: ParamSpiderThread.__init__() got an unexpected keyword argument 'target_url'
2025-02-08 18:22:58,945 - DEBUG - 用戶 1 正在訪問 paramspider 路由，目標 ID: 1 127.0.0.1
2025-02-08 18:22:58,948 - DEBUG - 掃描線程已啟動
2025-02-08 18:22:58,948 - ERROR - ParamSpider scan error: 'ParamSpiderThread' object has no attribute 'get_result'
2025-02-08 18:24:48,772 - INFO - 用戶 1 正在訪問攻擊頁面，目標 ID: 1
2025-02-08 18:24:50,247 - DEBUG - 用戶 1 正在訪問 paramspider 路由，目標 ID: 1 127.0.0.1
2025-02-08 18:24:50,249 - DEBUG - 掃描線程已啟動
2025-02-08 18:24:50,249 - ERROR - ParamSpider scan error: 'ParamSpiderThread' object has no attribute 'get_result'
2025-02-08 18:27:07,717 - DEBUG - 用戶 1 正在訪問 paramspider 路由，目標 ID: 1 127.0.0.1
2025-02-08 18:27:07,718 - DEBUG - 掃描線程已啟動
2025-02-08 18:27:07,719 - ERROR - 掃描失敗: 執行 ParamSpider 時出錯: Working outside of application context.

This typically means that you attempted to use functionality that needed
the current application. To solve this, set up an application context
with app.app_context(). See the documentation for more information.
2025-02-08 18:29:04,110 - DEBUG - 用戶 1 正在訪問 paramspider 路由，目標 ID: 1 127.0.0.1
2025-02-08 18:29:04,111 - DEBUG - 掃描線程已啟動
2025-02-08 18:30:11,346 - DEBUG - 用戶 1 正在訪問 paramspider 路由，目標 ID: 1 127.0.0.1
2025-02-08 18:30:11,346 - DEBUG - 掃描線程已啟動
2025-02-08 18:30:21,474 - ERROR - 掃描失敗: 保存結果時出錯: (sqlite3.IntegrityError) UNIQUE constraint failed: paramspider_results.target_id
[SQL: INSERT INTO paramspider_results (target_id, exclude, threads, status, error_message, result_text, total_urls, unique_parameters, created_at, updated_at) VALUES (?, ?, ?, ?, ?, ?, ?, ?, ?, ?)]
[parameters: (1, '', 50, 'success', None, 'URL: https://my.wyze.com/live?nbt=FUZZ&gad_source=FUZZ\nURL: https://my.wyze.com/account/products/checkout/cam-plus?from=FUZZ&coupon=FUZZ\nURL: https ... (720 characters truncated) ... /my.wyze.com/account/redeem?coupon=FUZZ&lid=FUZZ\nURL: https://my.wyze.com/events/signup?lid=FUZZ\nURL: https://my.wyze.com/?nbt=FUZZ&gad_source=FUZZ', 17, 11, '2025-02-08 18:30:21.473441', '2025-02-08 18:30:21.473441')]
(Background on this error at: https://sqlalche.me/e/20/gkpj)
2025-02-08 18:30:50,891 - DEBUG - 用戶 1 正在訪問 paramspider 路由，目標 ID: 1 127.0.0.1
2025-02-08 18:30:50,891 - DEBUG - 掃描線程已啟動
2025-02-08 18:30:53,014 - ERROR - 掃描失敗: 保存結果時出錯: (sqlite3.IntegrityError) UNIQUE constraint failed: paramspider_results.target_id
[SQL: INSERT INTO paramspider_results (target_id, exclude, threads, status, error_message, result_text, total_urls, unique_parameters, created_at, updated_at) VALUES (?, ?, ?, ?, ?, ?, ?, ?, ?, ?)]
[parameters: (1, '', 50, 'success', None, 'URL: https://my.wyze.com/user/login?redirecturl=FUZZ&source=FUZZ&flag=FUZZ\nURL: https://my.wyze.com/?nbt=FUZZ&gad_source=FUZZ\nURL: https://my.wyze. ... (720 characters truncated) ... //my.wyze.com/account/redeem?lid=FUZZ\nURL: https://my.wyze.com/account/redeem?coupon=FUZZ&lid=FUZZ\nURL: https://my.wyze.com/user/callback?code=FUZZ', 17, 11, '2025-02-08 18:30:53.014301', '2025-02-08 18:30:53.014301')]
(Background on this error at: https://sqlalche.me/e/20/gkpj)
2025-02-08 18:31:15,409 - DEBUG - 用戶 1 正在訪問 paramspider 路由，目標 ID: 1 127.0.0.1
2025-02-08 18:31:15,409 - DEBUG - 掃描線程已啟動
2025-02-08 18:31:19,481 - ERROR - 掃描失敗: 保存結果時出錯: (sqlite3.IntegrityError) UNIQUE constraint failed: paramspider_results.target_id
[SQL: INSERT INTO paramspider_results (target_id, exclude, threads, status, error_message, result_text, total_urls, unique_parameters, created_at, updated_at) VALUES (?, ?, ?, ?, ?, ?, ?, ?, ?, ?)]
[parameters: (1, '', 50, 'success', None, 'URL: https://my.wyze.com/user/login?redirecturl=FUZZ&source=FUZZ&flag=FUZZ\nURL: https://my.wyze.com/?nbt=FUZZ&gad_source=FUZZ\nURL: https://my.wyze. ... (720 characters truncated) ... //my.wyze.com/account/redeem?lid=FUZZ\nURL: https://my.wyze.com/account/redeem?coupon=FUZZ&lid=FUZZ\nURL: https://my.wyze.com/user/callback?code=FUZZ', 17, 11, '2025-02-08 18:31:19.481833', '2025-02-08 18:31:19.481833')]
(Background on this error at: https://sqlalche.me/e/20/gkpj)
2025-02-08 18:31:44,978 - DEBUG - 用戶 1 正在訪問 paramspider 路由，目標 ID: 1 127.0.0.1
2025-02-08 18:31:44,979 - DEBUG - 掃描線程已啟動
2025-02-08 18:31:52,600 - ERROR - 掃描失敗: 保存結果時出錯: (sqlite3.IntegrityError) UNIQUE constraint failed: paramspider_results.target_id
[SQL: INSERT INTO paramspider_results (target_id, exclude, threads, status, error_message, result_text, total_urls, unique_parameters, created_at, updated_at) VALUES (?, ?, ?, ?, ?, ?, ?, ?, ?, ?)]
[parameters: (1, '', 50, 'success', None, 'URL: https://my.wyze.com/live?lid=FUZZ\nURL: https://my.wyze.com/user/login?redirecturl=FUZZ&source=FUZZ&flag=FUZZ\nURL: https://my.wyze.com/?nbt=FUZ ... (720 characters truncated) ... L: https://my.wyze.com/user/redirect?from=FUZZ\nURL: https://my.wyze.com/live?gad_source=FUZZ\nURL: https://my.wyze.com/live?nbt=FUZZ&gad_source=FUZZ', 17, 11, '2025-02-08 18:31:52.600337', '2025-02-08 18:31:52.600337')]
(Background on this error at: https://sqlalche.me/e/20/gkpj)
2025-02-08 18:34:54,146 - DEBUG - 用戶 1 正在訪問 paramspider 路由，目標 ID: 1 127.0.0.1
2025-02-08 18:34:54,147 - DEBUG - 掃描線程已啟動
2025-02-08 18:36:00,345 - DEBUG - 用戶 1 正在訪問 paramspider 路由，目標 ID: 1 127.0.0.1
2025-02-08 18:36:00,347 - DEBUG - 掃描線程已啟動
2025-02-08 18:40:01,236 - DEBUG - 用戶 1 正在訪問 paramspider 路由，目標 ID: 1 127.0.0.1
2025-02-08 18:40:01,238 - DEBUG - 掃描線程已啟動
2025-02-08 19:11:54,881 - ERROR - Error getting latest ParamSpider result: type object 'ParamSpiderResult' has no attribute 'get_latest_by_target'
2025-02-08 19:11:58,151 - ERROR - Error getting all ParamSpider results: 'ParamSpiderResult' object is not iterable
2025-02-08 20:28:15,132 - INFO - 用戶 1 正在訪問攻擊頁面，目標 ID: 1
2025-02-08 20:29:48,390 - ERROR - Error getting all ParamSpider results: 'ParamSpiderResult' object is not iterable
2025-02-08 21:08:25,259 - INFO - 開始對目標 https://my.wyze.com/ 進行 SQL 注入掃描
2025-02-08 21:17:30,010 - INFO - 開始對目標 https://my.wyze.com/ 進行 SQL 注入掃描
2025-02-08 21:20:45,232 - INFO - 開始對目標 https://my.wyze.com/ 進行 SQL 注入掃描
2025-02-08 21:21:04,909 - INFO - 開始對目標 https://my.wyze.com/ 進行 SQL 注入掃描
2025-02-08 21:23:12,341 - INFO - 開始對目標 https://my.wyze.com/ 進行 SQL 注入掃描
2025-02-08 21:24:45,563 - INFO - 開始對目標 https://my.wyze.com/ 進行 SQL 注入掃描
